Determining if the pthread_create exist failed with the following output:
Change Dir: /home/ncut/ROS/craic-master/control_ws/build/CMakeFiles/CMakeTmp

Run Build Command:"/usr/bin/make" "cmTC_2bcb0/fast"
/usr/bin/make -f CMakeFiles/cmTC_2bcb0.dir/build.make CMakeFiles/cmTC_2bcb0.dir/build
make[1]: Entering directory '/home/ncut/ROS/craic-master/control_ws/build/CMakeFiles/CMakeTmp'
Building C object CMakeFiles/cmTC_2bcb0.dir/CheckSymbolExists.c.o
/usr/bin/cc    -o CMakeFiles/cmTC_2bcb0.dir/CheckSymbolExists.c.o   -c /home/ncut/ROS/craic-master/control_ws/build/CMakeFiles/CMakeTmp/CheckSymbolExists.c
Linking C executable cmTC_2bcb0
/usr/bin/cmake -E cmake_link_script CMakeFiles/cmTC_2bcb0.dir/link.txt --verbose=1
/usr/bin/cc      -rdynamic CMakeFiles/cmTC_2bcb0.dir/CheckSymbolExists.c.o  -o cmTC_2bcb0 
CMakeFiles/cmTC_2bcb0.dir/CheckSymbolExists.c.o: In function `main':
CheckSymbolExists.c:(.text+0x1b): undefined reference to `pthread_create'
collect2: error: ld returned 1 exit status
CMakeFiles/cmTC_2bcb0.dir/build.make:97: recipe for target 'cmTC_2bcb0' failed
make[1]: *** [cmTC_2bcb0] Error 1
make[1]: Leaving directory '/home/ncut/ROS/craic-master/control_ws/build/CMakeFiles/CMakeTmp'
Makefile:126: recipe for target 'cmTC_2bcb0/fast' failed
make: *** [cmTC_2bcb0/fast] Error 2

File /home/ncut/ROS/craic-master/control_ws/build/CMakeFiles/CMakeTmp/CheckSymbolExists.c:
/* */
#include <pthread.h>

int main(int argc, char** argv)
{
  (void)argv;
#ifndef pthread_create
  return ((int*)(&pthread_create))[argc];
#else
  (void)argc;
  return 0;
#endif
}

Determining if the function pthread_create exists in the pthreads failed with the following output:
Change Dir: /home/ncut/ROS/craic-master/control_ws/build/CMakeFiles/CMakeTmp

Run Build Command:"/usr/bin/make" "cmTC_2eecb/fast"
/usr/bin/make -f CMakeFiles/cmTC_2eecb.dir/build.make CMakeFiles/cmTC_2eecb.dir/build
make[1]: Entering directory '/home/ncut/ROS/craic-master/control_ws/build/CMakeFiles/CMakeTmp'
Building C object CMakeFiles/cmTC_2eecb.dir/CheckFunctionExists.c.o
/usr/bin/cc   -DCHECK_FUNCTION_EXISTS=pthread_create   -o CMakeFiles/cmTC_2eecb.dir/CheckFunctionExists.c.o   -c /usr/share/cmake-3.10/Modules/CheckFunctionExists.c
Linking C executable cmTC_2eecb
/usr/bin/cmake -E cmake_link_script CMakeFiles/cmTC_2eecb.dir/link.txt --verbose=1
/usr/bin/cc  -DCHECK_FUNCTION_EXISTS=pthread_create    -rdynamic CMakeFiles/cmTC_2eecb.dir/CheckFunctionExists.c.o  -o cmTC_2eecb -lpthreads 
/usr/bin/ld: cannot find -lpthreads
collect2: error: ld returned 1 exit status
CMakeFiles/cmTC_2eecb.dir/build.make:97: recipe for target 'cmTC_2eecb' failed
make[1]: *** [cmTC_2eecb] Error 1
make[1]: Leaving directory '/home/ncut/ROS/craic-master/control_ws/build/CMakeFiles/CMakeTmp'
Makefile:126: recipe for target 'cmTC_2eecb/fast' failed
make: *** [cmTC_2eecb/fast] Error 2


